<?xml version="1.0" encoding="UTF-8"?>
<!-- Generated by org.testng.reporters.JUnitXMLReporter -->
<testsuite ignored="0" hostname="QB-IPL-2361" failures="0" tests="3" name="Test" time="79.924" errors="0" timestamp="20 Jun 2022 10:05:51 GMT">
  <testcase classname="practice.AppiumE2EFramework.Ecommerce_Tc" name="totalValidation" time="32.126"/>
  <testcase classname="practice.AppiumE2EFramework.APIDemoTest" name="apiDemo" time="22.426"/>
  <testcase classname="practice.AppiumE2EFramework.APIDemoTest" name="apiDemo" time="22.33"/>
</testsuite> <!-- Test -->
