<?xml version="1.0" encoding="UTF-8"?>
<!-- Generated by org.testng.reporters.JUnitXMLReporter -->
<testsuite ignored="0" hostname="QB-IPL-2361" failures="0" tests="3" name="Test" time="83.345" errors="0" timestamp="21 Jun 2022 05:52:05 GMT">
  <testcase classname="practice.AppiumE2EFramework.Ecommerce_Tc" name="totalValidation" time="34.148"/>
  <testcase classname="practice.AppiumE2EFramework.APIDemoTest" name="apiDemo" time="23.459"/>
  <testcase classname="practice.AppiumE2EFramework.APIDemoTest" name="apiDemo" time="22.691"/>
</testsuite> <!-- Test -->
