<?xml version="1.0" encoding="UTF-8"?>
<testng-results ignored="0" total="3" passed="3" failed="0" skipped="0">
  <reporter-output>
  </reporter-output>
  <suite started-at="2022-06-20T10:04:31Z" name="Suite" finished-at="2022-06-20T10:05:51Z" duration-ms="79924">
    <groups>
    </groups>
    <test started-at="2022-06-20T10:04:31Z" name="Test" finished-at="2022-06-20T10:05:51Z" duration-ms="79924">
      <class name="practice.AppiumE2EFramework.Ecommerce_Tc">
        <test-method is-config="true" signature="killAllNodes()[pri:0, instance:practice.AppiumE2EFramework.Ecommerce_Tc@27406a17]" started-at="2022-06-20T10:04:31Z" name="killAllNodes" finished-at="2022-06-20T10:04:34Z" duration-ms="3014" status="PASS">
          <reporter-output>
          </reporter-output>
        </test-method> <!-- killAllNodes -->
        <test-method signature="totalValidation()[pri:0, instance:practice.AppiumE2EFramework.Ecommerce_Tc@27406a17]" started-at="2022-06-20T10:04:34Z" name="totalValidation" finished-at="2022-06-20T10:05:06Z" duration-ms="32126" status="PASS">
          <reporter-output>
          </reporter-output>
        </test-method> <!-- totalValidation -->
      </class> <!-- practice.AppiumE2EFramework.Ecommerce_Tc -->
      <class name="practice.AppiumE2EFramework.APIDemoTest">
        <test-method signature="apiDemo(java.lang.String)[pri:0, instance:practice.AppiumE2EFramework.APIDemoTest@2af004b]" started-at="2022-06-20T10:05:06Z" name="apiDemo" data-provider="inputData" finished-at="2022-06-20T10:05:29Z" duration-ms="22426" status="PASS">
          <params>
            <param index="0">
              <value>
                <![CDATA[Hello]]>
              </value>
            </param>
          </params>
          <reporter-output>
          </reporter-output>
        </test-method> <!-- apiDemo -->
        <test-method signature="apiDemo(java.lang.String)[pri:0, instance:practice.AppiumE2EFramework.APIDemoTest@2af004b]" started-at="2022-06-20T10:05:29Z" name="apiDemo" data-provider="inputData" finished-at="2022-06-20T10:05:51Z" duration-ms="22330" status="PASS">
          <params>
            <param index="0">
              <value>
                <![CDATA[!@#$%^]]>
              </value>
            </param>
          </params>
          <reporter-output>
          </reporter-output>
        </test-method> <!-- apiDemo -->
      </class> <!-- practice.AppiumE2EFramework.APIDemoTest -->
    </test> <!-- Test -->
  </suite> <!-- Suite -->
</testng-results>
